[logfiles]
ParallelRoot : results/Region.log00 
top : results/Region.log902 
region : results/Region.log01 
region(0,0) : results/Region.log02 
region(0,1) : results/Region.log03 
region(0,2) : results/Region.log04 
region(0,3) : results/Region.log05 
region(0,4) : results/Region.log06 
region(0,5) : results/Region.log07 
region(0,6) : results/Region.log08 
region(0,7) : results/Region.log09 
region(0,8) : results/Region.log10 
region(0,9) : results/Region.log11 
region(0,10) : results/Region.log12 
region(0,11) : results/Region.log13 
region(0,12) : results/Region.log14 
region(0,13) : results/Region.log15 
region(0,14) : results/Region.log16 
region(0,15) : results/Region.log17 
region(0,16) : results/Region.log18 
region(0,17) : results/Region.log19 
region(0,18) : results/Region.log20 
region(0,19) : results/Region.log21 
region(0,20) : results/Region.log22 
region(0,21) : results/Region.log23 
region(0,22) : results/Region.log24 
region(0,23) : results/Region.log25 
region(0,24) : results/Region.log26 
region(0,25) : results/Region.log27 
region(0,26) : results/Region.log28 
region(0,27) : results/Region.log29 
region(0,28) : results/Region.log30 
region(0,29) : results/Region.log31 
region(1,0) : results/Region.log32 
region(1,1) : results/Region.log33 
region(1,2) : results/Region.log34 
region(1,3) : results/Region.log35 
region(1,4) : results/Region.log36 
region(1,5) : results/Region.log37 
region(1,6) : results/Region.log38 
region(1,7) : results/Region.log39 
region(1,8) : results/Region.log40 
region(1,9) : results/Region.log41 
region(1,10) : results/Region.log42 
region(1,11) : results/Region.log43 
region(1,12) : results/Region.log44 
region(1,13) : results/Region.log45 
region(1,14) : results/Region.log46 
region(1,15) : results/Region.log47 
region(1,16) : results/Region.log48 
region(1,17) : results/Region.log49 
region(1,18) : results/Region.log50 
region(1,19) : results/Region.log51 
region(1,20) : results/Region.log52 
region(1,21) : results/Region.log53 
region(1,22) : results/Region.log54 
region(1,23) : results/Region.log55 
region(1,24) : results/Region.log56 
region(1,25) : results/Region.log57 
region(1,26) : results/Region.log58 
region(1,27) : results/Region.log59 
region(1,28) : results/Region.log60 
region(1,29) : results/Region.log61 
region(2,0) : results/Region.log62 
region(2,1) : results/Region.log63 
region(2,2) : results/Region.log64 
region(2,3) : results/Region.log65 
region(2,4) : results/Region.log66 
region(2,5) : results/Region.log67 
region(2,6) : results/Region.log68 
region(2,7) : results/Region.log69 
region(2,8) : results/Region.log70 
region(2,9) : results/Region.log71 
region(2,10) : results/Region.log72 
region(2,11) : results/Region.log73 
region(2,12) : results/Region.log74 
region(2,13) : results/Region.log75 
region(2,14) : results/Region.log76 
region(2,15) : results/Region.log77 
region(2,16) : results/Region.log78 
region(2,17) : results/Region.log79 
region(2,18) : results/Region.log80 
region(2,19) : results/Region.log81 
region(2,20) : results/Region.log82 
region(2,21) : results/Region.log83 
region(2,22) : results/Region.log84 
region(2,23) : results/Region.log85 
region(2,24) : results/Region.log86 
region(2,25) : results/Region.log87 
region(2,26) : results/Region.log88 
region(2,27) : results/Region.log89 
region(2,28) : results/Region.log90 
region(2,29) : results/Region.log91 
region(3,0) : results/Region.log92 
region(3,1) : results/Region.log93 
region(3,2) : results/Region.log94 
region(3,3) : results/Region.log95 
region(3,4) : results/Region.log96 
region(3,5) : results/Region.log97 
region(3,6) : results/Region.log98 
region(3,7) : results/Region.log99 
region(3,8) : results/Region.log100 
region(3,9) : results/Region.log101 
region(3,10) : results/Region.log102 
region(3,11) : results/Region.log103 
region(3,12) : results/Region.log104 
region(3,13) : results/Region.log105 
region(3,14) : results/Region.log106 
region(3,15) : results/Region.log107 
region(3,16) : results/Region.log108 
region(3,17) : results/Region.log109 
region(3,18) : results/Region.log110 
region(3,19) : results/Region.log111 
region(3,20) : results/Region.log112 
region(3,21) : results/Region.log113 
region(3,22) : results/Region.log114 
region(3,23) : results/Region.log115 
region(3,24) : results/Region.log116 
region(3,25) : results/Region.log117 
region(3,26) : results/Region.log118 
region(3,27) : results/Region.log119 
region(3,28) : results/Region.log120 
region(3,29) : results/Region.log121 
region(4,0) : results/Region.log122 
region(4,1) : results/Region.log123 
region(4,2) : results/Region.log124 
region(4,3) : results/Region.log125 
region(4,4) : results/Region.log126 
region(4,5) : results/Region.log127 
region(4,6) : results/Region.log128 
region(4,7) : results/Region.log129 
region(4,8) : results/Region.log130 
region(4,9) : results/Region.log131 
region(4,10) : results/Region.log132 
region(4,11) : results/Region.log133 
region(4,12) : results/Region.log134 
region(4,13) : results/Region.log135 
region(4,14) : results/Region.log136 
region(4,15) : results/Region.log137 
region(4,16) : results/Region.log138 
region(4,17) : results/Region.log139 
region(4,18) : results/Region.log140 
region(4,19) : results/Region.log141 
region(4,20) : results/Region.log142 
region(4,21) : results/Region.log143 
region(4,22) : results/Region.log144 
region(4,23) : results/Region.log145 
region(4,24) : results/Region.log146 
region(4,25) : results/Region.log147 
region(4,26) : results/Region.log148 
region(4,27) : results/Region.log149 
region(4,28) : results/Region.log150 
region(4,29) : results/Region.log151 
region(5,0) : results/Region.log152 
region(5,1) : results/Region.log153 
region(5,2) : results/Region.log154 
region(5,3) : results/Region.log155 
region(5,4) : results/Region.log156 
region(5,5) : results/Region.log157 
region(5,6) : results/Region.log158 
region(5,7) : results/Region.log159 
region(5,8) : results/Region.log160 
region(5,9) : results/Region.log161 
region(5,10) : results/Region.log162 
region(5,11) : results/Region.log163 
region(5,12) : results/Region.log164 
region(5,13) : results/Region.log165 
region(5,14) : results/Region.log166 
region(5,15) : results/Region.log167 
region(5,16) : results/Region.log168 
region(5,17) : results/Region.log169 
region(5,18) : results/Region.log170 
region(5,19) : results/Region.log171 
region(5,20) : results/Region.log172 
region(5,21) : results/Region.log173 
region(5,22) : results/Region.log174 
region(5,23) : results/Region.log175 
region(5,24) : results/Region.log176 
region(5,25) : results/Region.log177 
region(5,26) : results/Region.log178 
region(5,27) : results/Region.log179 
region(5,28) : results/Region.log180 
region(5,29) : results/Region.log181 
region(6,0) : results/Region.log182 
region(6,1) : results/Region.log183 
region(6,2) : results/Region.log184 
region(6,3) : results/Region.log185 
region(6,4) : results/Region.log186 
region(6,5) : results/Region.log187 
region(6,6) : results/Region.log188 
region(6,7) : results/Region.log189 
region(6,8) : results/Region.log190 
region(6,9) : results/Region.log191 
region(6,10) : results/Region.log192 
region(6,11) : results/Region.log193 
region(6,12) : results/Region.log194 
region(6,13) : results/Region.log195 
region(6,14) : results/Region.log196 
region(6,15) : results/Region.log197 
region(6,16) : results/Region.log198 
region(6,17) : results/Region.log199 
region(6,18) : results/Region.log200 
region(6,19) : results/Region.log201 
region(6,20) : results/Region.log202 
region(6,21) : results/Region.log203 
region(6,22) : results/Region.log204 
region(6,23) : results/Region.log205 
region(6,24) : results/Region.log206 
region(6,25) : results/Region.log207 
region(6,26) : results/Region.log208 
region(6,27) : results/Region.log209 
region(6,28) : results/Region.log210 
region(6,29) : results/Region.log211 
region(7,0) : results/Region.log212 
region(7,1) : results/Region.log213 
region(7,2) : results/Region.log214 
region(7,3) : results/Region.log215 
region(7,4) : results/Region.log216 
region(7,5) : results/Region.log217 
region(7,6) : results/Region.log218 
region(7,7) : results/Region.log219 
region(7,8) : results/Region.log220 
region(7,9) : results/Region.log221 
region(7,10) : results/Region.log222 
region(7,11) : results/Region.log223 
region(7,12) : results/Region.log224 
region(7,13) : results/Region.log225 
region(7,14) : results/Region.log226 
region(7,15) : results/Region.log227 
region(7,16) : results/Region.log228 
region(7,17) : results/Region.log229 
region(7,18) : results/Region.log230 
region(7,19) : results/Region.log231 
region(7,20) : results/Region.log232 
region(7,21) : results/Region.log233 
region(7,22) : results/Region.log234 
region(7,23) : results/Region.log235 
region(7,24) : results/Region.log236 
region(7,25) : results/Region.log237 
region(7,26) : results/Region.log238 
region(7,27) : results/Region.log239 
region(7,28) : results/Region.log240 
region(7,29) : results/Region.log241 
region(8,0) : results/Region.log242 
region(8,1) : results/Region.log243 
region(8,2) : results/Region.log244 
region(8,3) : results/Region.log245 
region(8,4) : results/Region.log246 
region(8,5) : results/Region.log247 
region(8,6) : results/Region.log248 
region(8,7) : results/Region.log249 
region(8,8) : results/Region.log250 
region(8,9) : results/Region.log251 
region(8,10) : results/Region.log252 
region(8,11) : results/Region.log253 
region(8,12) : results/Region.log254 
region(8,13) : results/Region.log255 
region(8,14) : results/Region.log256 
region(8,15) : results/Region.log257 
region(8,16) : results/Region.log258 
region(8,17) : results/Region.log259 
region(8,18) : results/Region.log260 
region(8,19) : results/Region.log261 
region(8,20) : results/Region.log262 
region(8,21) : results/Region.log263 
region(8,22) : results/Region.log264 
region(8,23) : results/Region.log265 
region(8,24) : results/Region.log266 
region(8,25) : results/Region.log267 
region(8,26) : results/Region.log268 
region(8,27) : results/Region.log269 
region(8,28) : results/Region.log270 
region(8,29) : results/Region.log271 
region(9,0) : results/Region.log272 
region(9,1) : results/Region.log273 
region(9,2) : results/Region.log274 
region(9,3) : results/Region.log275 
region(9,4) : results/Region.log276 
region(9,5) : results/Region.log277 
region(9,6) : results/Region.log278 
region(9,7) : results/Region.log279 
region(9,8) : results/Region.log280 
region(9,9) : results/Region.log281 
region(9,10) : results/Region.log282 
region(9,11) : results/Region.log283 
region(9,12) : results/Region.log284 
region(9,13) : results/Region.log285 
region(9,14) : results/Region.log286 
region(9,15) : results/Region.log287 
region(9,16) : results/Region.log288 
region(9,17) : results/Region.log289 
region(9,18) : results/Region.log290 
region(9,19) : results/Region.log291 
region(9,20) : results/Region.log292 
region(9,21) : results/Region.log293 
region(9,22) : results/Region.log294 
region(9,23) : results/Region.log295 
region(9,24) : results/Region.log296 
region(9,25) : results/Region.log297 
region(9,26) : results/Region.log298 
region(9,27) : results/Region.log299 
region(9,28) : results/Region.log300 
region(9,29) : results/Region.log301 
region(10,0) : results/Region.log302 
region(10,1) : results/Region.log303 
region(10,2) : results/Region.log304 
region(10,3) : results/Region.log305 
region(10,4) : results/Region.log306 
region(10,5) : results/Region.log307 
region(10,6) : results/Region.log308 
region(10,7) : results/Region.log309 
region(10,8) : results/Region.log310 
region(10,9) : results/Region.log311 
region(10,10) : results/Region.log312 
region(10,11) : results/Region.log313 
region(10,12) : results/Region.log314 
region(10,13) : results/Region.log315 
region(10,14) : results/Region.log316 
region(10,15) : results/Region.log317 
region(10,16) : results/Region.log318 
region(10,17) : results/Region.log319 
region(10,18) : results/Region.log320 
region(10,19) : results/Region.log321 
region(10,20) : results/Region.log322 
region(10,21) : results/Region.log323 
region(10,22) : results/Region.log324 
region(10,23) : results/Region.log325 
region(10,24) : results/Region.log326 
region(10,25) : results/Region.log327 
region(10,26) : results/Region.log328 
region(10,27) : results/Region.log329 
region(10,28) : results/Region.log330 
region(10,29) : results/Region.log331 
region(11,0) : results/Region.log332 
region(11,1) : results/Region.log333 
region(11,2) : results/Region.log334 
region(11,3) : results/Region.log335 
region(11,4) : results/Region.log336 
region(11,5) : results/Region.log337 
region(11,6) : results/Region.log338 
region(11,7) : results/Region.log339 
region(11,8) : results/Region.log340 
region(11,9) : results/Region.log341 
region(11,10) : results/Region.log342 
region(11,11) : results/Region.log343 
region(11,12) : results/Region.log344 
region(11,13) : results/Region.log345 
region(11,14) : results/Region.log346 
region(11,15) : results/Region.log347 
region(11,16) : results/Region.log348 
region(11,17) : results/Region.log349 
region(11,18) : results/Region.log350 
region(11,19) : results/Region.log351 
region(11,20) : results/Region.log352 
region(11,21) : results/Region.log353 
region(11,22) : results/Region.log354 
region(11,23) : results/Region.log355 
region(11,24) : results/Region.log356 
region(11,25) : results/Region.log357 
region(11,26) : results/Region.log358 
region(11,27) : results/Region.log359 
region(11,28) : results/Region.log360 
region(11,29) : results/Region.log361 
region(12,0) : results/Region.log362 
region(12,1) : results/Region.log363 
region(12,2) : results/Region.log364 
region(12,3) : results/Region.log365 
region(12,4) : results/Region.log366 
region(12,5) : results/Region.log367 
region(12,6) : results/Region.log368 
region(12,7) : results/Region.log369 
region(12,8) : results/Region.log370 
region(12,9) : results/Region.log371 
region(12,10) : results/Region.log372 
region(12,11) : results/Region.log373 
region(12,12) : results/Region.log374 
region(12,13) : results/Region.log375 
region(12,14) : results/Region.log376 
region(12,15) : results/Region.log377 
region(12,16) : results/Region.log378 
region(12,17) : results/Region.log379 
region(12,18) : results/Region.log380 
region(12,19) : results/Region.log381 
region(12,20) : results/Region.log382 
region(12,21) : results/Region.log383 
region(12,22) : results/Region.log384 
region(12,23) : results/Region.log385 
region(12,24) : results/Region.log386 
region(12,25) : results/Region.log387 
region(12,26) : results/Region.log388 
region(12,27) : results/Region.log389 
region(12,28) : results/Region.log390 
region(12,29) : results/Region.log391 
region(13,0) : results/Region.log392 
region(13,1) : results/Region.log393 
region(13,2) : results/Region.log394 
region(13,3) : results/Region.log395 
region(13,4) : results/Region.log396 
region(13,5) : results/Region.log397 
region(13,6) : results/Region.log398 
region(13,7) : results/Region.log399 
region(13,8) : results/Region.log400 
region(13,9) : results/Region.log401 
region(13,10) : results/Region.log402 
region(13,11) : results/Region.log403 
region(13,12) : results/Region.log404 
region(13,13) : results/Region.log405 
region(13,14) : results/Region.log406 
region(13,15) : results/Region.log407 
region(13,16) : results/Region.log408 
region(13,17) : results/Region.log409 
region(13,18) : results/Region.log410 
region(13,19) : results/Region.log411 
region(13,20) : results/Region.log412 
region(13,21) : results/Region.log413 
region(13,22) : results/Region.log414 
region(13,23) : results/Region.log415 
region(13,24) : results/Region.log416 
region(13,25) : results/Region.log417 
region(13,26) : results/Region.log418 
region(13,27) : results/Region.log419 
region(13,28) : results/Region.log420 
region(13,29) : results/Region.log421 
region(14,0) : results/Region.log422 
region(14,1) : results/Region.log423 
region(14,2) : results/Region.log424 
region(14,3) : results/Region.log425 
region(14,4) : results/Region.log426 
region(14,5) : results/Region.log427 
region(14,6) : results/Region.log428 
region(14,7) : results/Region.log429 
region(14,8) : results/Region.log430 
region(14,9) : results/Region.log431 
region(14,10) : results/Region.log432 
region(14,11) : results/Region.log433 
region(14,12) : results/Region.log434 
region(14,13) : results/Region.log435 
region(14,14) : results/Region.log436 
region(14,15) : results/Region.log437 
region(14,16) : results/Region.log438 
region(14,17) : results/Region.log439 
region(14,18) : results/Region.log440 
region(14,19) : results/Region.log441 
region(14,20) : results/Region.log442 
region(14,21) : results/Region.log443 
region(14,22) : results/Region.log444 
region(14,23) : results/Region.log445 
region(14,24) : results/Region.log446 
region(14,25) : results/Region.log447 
region(14,26) : results/Region.log448 
region(14,27) : results/Region.log449 
region(14,28) : results/Region.log450 
region(14,29) : results/Region.log451 
region(15,0) : results/Region.log452 
region(15,1) : results/Region.log453 
region(15,2) : results/Region.log454 
region(15,3) : results/Region.log455 
region(15,4) : results/Region.log456 
region(15,5) : results/Region.log457 
region(15,6) : results/Region.log458 
region(15,7) : results/Region.log459 
region(15,8) : results/Region.log460 
region(15,9) : results/Region.log461 
region(15,10) : results/Region.log462 
region(15,11) : results/Region.log463 
region(15,12) : results/Region.log464 
region(15,13) : results/Region.log465 
region(15,14) : results/Region.log466 
region(15,15) : results/Region.log467 
region(15,16) : results/Region.log468 
region(15,17) : results/Region.log469 
region(15,18) : results/Region.log470 
region(15,19) : results/Region.log471 
region(15,20) : results/Region.log472 
region(15,21) : results/Region.log473 
region(15,22) : results/Region.log474 
region(15,23) : results/Region.log475 
region(15,24) : results/Region.log476 
region(15,25) : results/Region.log477 
region(15,26) : results/Region.log478 
region(15,27) : results/Region.log479 
region(15,28) : results/Region.log480 
region(15,29) : results/Region.log481 
region(16,0) : results/Region.log482 
region(16,1) : results/Region.log483 
region(16,2) : results/Region.log484 
region(16,3) : results/Region.log485 
region(16,4) : results/Region.log486 
region(16,5) : results/Region.log487 
region(16,6) : results/Region.log488 
region(16,7) : results/Region.log489 
region(16,8) : results/Region.log490 
region(16,9) : results/Region.log491 
region(16,10) : results/Region.log492 
region(16,11) : results/Region.log493 
region(16,12) : results/Region.log494 
region(16,13) : results/Region.log495 
region(16,14) : results/Region.log496 
region(16,15) : results/Region.log497 
region(16,16) : results/Region.log498 
region(16,17) : results/Region.log499 
region(16,18) : results/Region.log500 
region(16,19) : results/Region.log501 
region(16,20) : results/Region.log502 
region(16,21) : results/Region.log503 
region(16,22) : results/Region.log504 
region(16,23) : results/Region.log505 
region(16,24) : results/Region.log506 
region(16,25) : results/Region.log507 
region(16,26) : results/Region.log508 
region(16,27) : results/Region.log509 
region(16,28) : results/Region.log510 
region(16,29) : results/Region.log511 
region(17,0) : results/Region.log512 
region(17,1) : results/Region.log513 
region(17,2) : results/Region.log514 
region(17,3) : results/Region.log515 
region(17,4) : results/Region.log516 
region(17,5) : results/Region.log517 
region(17,6) : results/Region.log518 
region(17,7) : results/Region.log519 
region(17,8) : results/Region.log520 
region(17,9) : results/Region.log521 
region(17,10) : results/Region.log522 
region(17,11) : results/Region.log523 
region(17,12) : results/Region.log524 
region(17,13) : results/Region.log525 
region(17,14) : results/Region.log526 
region(17,15) : results/Region.log527 
region(17,16) : results/Region.log528 
region(17,17) : results/Region.log529 
region(17,18) : results/Region.log530 
region(17,19) : results/Region.log531 
region(17,20) : results/Region.log532 
region(17,21) : results/Region.log533 
region(17,22) : results/Region.log534 
region(17,23) : results/Region.log535 
region(17,24) : results/Region.log536 
region(17,25) : results/Region.log537 
region(17,26) : results/Region.log538 
region(17,27) : results/Region.log539 
region(17,28) : results/Region.log540 
region(17,29) : results/Region.log541 
region(18,0) : results/Region.log542 
region(18,1) : results/Region.log543 
region(18,2) : results/Region.log544 
region(18,3) : results/Region.log545 
region(18,4) : results/Region.log546 
region(18,5) : results/Region.log547 
region(18,6) : results/Region.log548 
region(18,7) : results/Region.log549 
region(18,8) : results/Region.log550 
region(18,9) : results/Region.log551 
region(18,10) : results/Region.log552 
region(18,11) : results/Region.log553 
region(18,12) : results/Region.log554 
region(18,13) : results/Region.log555 
region(18,14) : results/Region.log556 
region(18,15) : results/Region.log557 
region(18,16) : results/Region.log558 
region(18,17) : results/Region.log559 
region(18,18) : results/Region.log560 
region(18,19) : results/Region.log561 
region(18,20) : results/Region.log562 
region(18,21) : results/Region.log563 
region(18,22) : results/Region.log564 
region(18,23) : results/Region.log565 
region(18,24) : results/Region.log566 
region(18,25) : results/Region.log567 
region(18,26) : results/Region.log568 
region(18,27) : results/Region.log569 
region(18,28) : results/Region.log570 
region(18,29) : results/Region.log571 
region(19,0) : results/Region.log572 
region(19,1) : results/Region.log573 
region(19,2) : results/Region.log574 
region(19,3) : results/Region.log575 
region(19,4) : results/Region.log576 
region(19,5) : results/Region.log577 
region(19,6) : results/Region.log578 
region(19,7) : results/Region.log579 
region(19,8) : results/Region.log580 
region(19,9) : results/Region.log581 
region(19,10) : results/Region.log582 
region(19,11) : results/Region.log583 
region(19,12) : results/Region.log584 
region(19,13) : results/Region.log585 
region(19,14) : results/Region.log586 
region(19,15) : results/Region.log587 
region(19,16) : results/Region.log588 
region(19,17) : results/Region.log589 
region(19,18) : results/Region.log590 
region(19,19) : results/Region.log591 
region(19,20) : results/Region.log592 
region(19,21) : results/Region.log593 
region(19,22) : results/Region.log594 
region(19,23) : results/Region.log595 
region(19,24) : results/Region.log596 
region(19,25) : results/Region.log597 
region(19,26) : results/Region.log598 
region(19,27) : results/Region.log599 
region(19,28) : results/Region.log600 
region(19,29) : results/Region.log601 
region(20,0) : results/Region.log602 
region(20,1) : results/Region.log603 
region(20,2) : results/Region.log604 
region(20,3) : results/Region.log605 
region(20,4) : results/Region.log606 
region(20,5) : results/Region.log607 
region(20,6) : results/Region.log608 
region(20,7) : results/Region.log609 
region(20,8) : results/Region.log610 
region(20,9) : results/Region.log611 
region(20,10) : results/Region.log612 
region(20,11) : results/Region.log613 
region(20,12) : results/Region.log614 
region(20,13) : results/Region.log615 
region(20,14) : results/Region.log616 
region(20,15) : results/Region.log617 
region(20,16) : results/Region.log618 
region(20,17) : results/Region.log619 
region(20,18) : results/Region.log620 
region(20,19) : results/Region.log621 
region(20,20) : results/Region.log622 
region(20,21) : results/Region.log623 
region(20,22) : results/Region.log624 
region(20,23) : results/Region.log625 
region(20,24) : results/Region.log626 
region(20,25) : results/Region.log627 
region(20,26) : results/Region.log628 
region(20,27) : results/Region.log629 
region(20,28) : results/Region.log630 
region(20,29) : results/Region.log631 
region(21,0) : results/Region.log632 
region(21,1) : results/Region.log633 
region(21,2) : results/Region.log634 
region(21,3) : results/Region.log635 
region(21,4) : results/Region.log636 
region(21,5) : results/Region.log637 
region(21,6) : results/Region.log638 
region(21,7) : results/Region.log639 
region(21,8) : results/Region.log640 
region(21,9) : results/Region.log641 
region(21,10) : results/Region.log642 
region(21,11) : results/Region.log643 
region(21,12) : results/Region.log644 
region(21,13) : results/Region.log645 
region(21,14) : results/Region.log646 
region(21,15) : results/Region.log647 
region(21,16) : results/Region.log648 
region(21,17) : results/Region.log649 
region(21,18) : results/Region.log650 
region(21,19) : results/Region.log651 
region(21,20) : results/Region.log652 
region(21,21) : results/Region.log653 
region(21,22) : results/Region.log654 
region(21,23) : results/Region.log655 
region(21,24) : results/Region.log656 
region(21,25) : results/Region.log657 
region(21,26) : results/Region.log658 
region(21,27) : results/Region.log659 
region(21,28) : results/Region.log660 
region(21,29) : results/Region.log661 
region(22,0) : results/Region.log662 
region(22,1) : results/Region.log663 
region(22,2) : results/Region.log664 
region(22,3) : results/Region.log665 
region(22,4) : results/Region.log666 
region(22,5) : results/Region.log667 
region(22,6) : results/Region.log668 
region(22,7) : results/Region.log669 
region(22,8) : results/Region.log670 
region(22,9) : results/Region.log671 
region(22,10) : results/Region.log672 
region(22,11) : results/Region.log673 
region(22,12) : results/Region.log674 
region(22,13) : results/Region.log675 
region(22,14) : results/Region.log676 
region(22,15) : results/Region.log677 
region(22,16) : results/Region.log678 
region(22,17) : results/Region.log679 
region(22,18) : results/Region.log680 
region(22,19) : results/Region.log681 
region(22,20) : results/Region.log682 
region(22,21) : results/Region.log683 
region(22,22) : results/Region.log684 
region(22,23) : results/Region.log685 
region(22,24) : results/Region.log686 
region(22,25) : results/Region.log687 
region(22,26) : results/Region.log688 
region(22,27) : results/Region.log689 
region(22,28) : results/Region.log690 
region(22,29) : results/Region.log691 
region(23,0) : results/Region.log692 
region(23,1) : results/Region.log693 
region(23,2) : results/Region.log694 
region(23,3) : results/Region.log695 
region(23,4) : results/Region.log696 
region(23,5) : results/Region.log697 
region(23,6) : results/Region.log698 
region(23,7) : results/Region.log699 
region(23,8) : results/Region.log700 
region(23,9) : results/Region.log701 
region(23,10) : results/Region.log702 
region(23,11) : results/Region.log703 
region(23,12) : results/Region.log704 
region(23,13) : results/Region.log705 
region(23,14) : results/Region.log706 
region(23,15) : results/Region.log707 
region(23,16) : results/Region.log708 
region(23,17) : results/Region.log709 
region(23,18) : results/Region.log710 
region(23,19) : results/Region.log711 
region(23,20) : results/Region.log712 
region(23,21) : results/Region.log713 
region(23,22) : results/Region.log714 
region(23,23) : results/Region.log715 
region(23,24) : results/Region.log716 
region(23,25) : results/Region.log717 
region(23,26) : results/Region.log718 
region(23,27) : results/Region.log719 
region(23,28) : results/Region.log720 
region(23,29) : results/Region.log721 
region(24,0) : results/Region.log722 
region(24,1) : results/Region.log723 
region(24,2) : results/Region.log724 
region(24,3) : results/Region.log725 
region(24,4) : results/Region.log726 
region(24,5) : results/Region.log727 
region(24,6) : results/Region.log728 
region(24,7) : results/Region.log729 
region(24,8) : results/Region.log730 
region(24,9) : results/Region.log731 
region(24,10) : results/Region.log732 
region(24,11) : results/Region.log733 
region(24,12) : results/Region.log734 
region(24,13) : results/Region.log735 
region(24,14) : results/Region.log736 
region(24,15) : results/Region.log737 
region(24,16) : results/Region.log738 
region(24,17) : results/Region.log739 
region(24,18) : results/Region.log740 
region(24,19) : results/Region.log741 
region(24,20) : results/Region.log742 
region(24,21) : results/Region.log743 
region(24,22) : results/Region.log744 
region(24,23) : results/Region.log745 
region(24,24) : results/Region.log746 
region(24,25) : results/Region.log747 
region(24,26) : results/Region.log748 
region(24,27) : results/Region.log749 
region(24,28) : results/Region.log750 
region(24,29) : results/Region.log751 
region(25,0) : results/Region.log752 
region(25,1) : results/Region.log753 
region(25,2) : results/Region.log754 
region(25,3) : results/Region.log755 
region(25,4) : results/Region.log756 
region(25,5) : results/Region.log757 
region(25,6) : results/Region.log758 
region(25,7) : results/Region.log759 
region(25,8) : results/Region.log760 
region(25,9) : results/Region.log761 
region(25,10) : results/Region.log762 
region(25,11) : results/Region.log763 
region(25,12) : results/Region.log764 
region(25,13) : results/Region.log765 
region(25,14) : results/Region.log766 
region(25,15) : results/Region.log767 
region(25,16) : results/Region.log768 
region(25,17) : results/Region.log769 
region(25,18) : results/Region.log770 
region(25,19) : results/Region.log771 
region(25,20) : results/Region.log772 
region(25,21) : results/Region.log773 
region(25,22) : results/Region.log774 
region(25,23) : results/Region.log775 
region(25,24) : results/Region.log776 
region(25,25) : results/Region.log777 
region(25,26) : results/Region.log778 
region(25,27) : results/Region.log779 
region(25,28) : results/Region.log780 
region(25,29) : results/Region.log781 
region(26,0) : results/Region.log782 
region(26,1) : results/Region.log783 
region(26,2) : results/Region.log784 
region(26,3) : results/Region.log785 
region(26,4) : results/Region.log786 
region(26,5) : results/Region.log787 
region(26,6) : results/Region.log788 
region(26,7) : results/Region.log789 
region(26,8) : results/Region.log790 
region(26,9) : results/Region.log791 
region(26,10) : results/Region.log792 
region(26,11) : results/Region.log793 
region(26,12) : results/Region.log794 
region(26,13) : results/Region.log795 
region(26,14) : results/Region.log796 
region(26,15) : results/Region.log797 
region(26,16) : results/Region.log798 
region(26,17) : results/Region.log799 
region(26,18) : results/Region.log800 
region(26,19) : results/Region.log801 
region(26,20) : results/Region.log802 
region(26,21) : results/Region.log803 
region(26,22) : results/Region.log804 
region(26,23) : results/Region.log805 
region(26,24) : results/Region.log806 
region(26,25) : results/Region.log807 
region(26,26) : results/Region.log808 
region(26,27) : results/Region.log809 
region(26,28) : results/Region.log810 
region(26,29) : results/Region.log811 
region(27,0) : results/Region.log812 
region(27,1) : results/Region.log813 
region(27,2) : results/Region.log814 
region(27,3) : results/Region.log815 
region(27,4) : results/Region.log816 
region(27,5) : results/Region.log817 
region(27,6) : results/Region.log818 
region(27,7) : results/Region.log819 
region(27,8) : results/Region.log820 
region(27,9) : results/Region.log821 
region(27,10) : results/Region.log822 
region(27,11) : results/Region.log823 
region(27,12) : results/Region.log824 
region(27,13) : results/Region.log825 
region(27,14) : results/Region.log826 
region(27,15) : results/Region.log827 
region(27,16) : results/Region.log828 
region(27,17) : results/Region.log829 
region(27,18) : results/Region.log830 
region(27,19) : results/Region.log831 
region(27,20) : results/Region.log832 
region(27,21) : results/Region.log833 
region(27,22) : results/Region.log834 
region(27,23) : results/Region.log835 
region(27,24) : results/Region.log836 
region(27,25) : results/Region.log837 
region(27,26) : results/Region.log838 
region(27,27) : results/Region.log839 
region(27,28) : results/Region.log840 
region(27,29) : results/Region.log841 
region(28,0) : results/Region.log842 
region(28,1) : results/Region.log843 
region(28,2) : results/Region.log844 
region(28,3) : results/Region.log845 
region(28,4) : results/Region.log846 
region(28,5) : results/Region.log847 
region(28,6) : results/Region.log848 
region(28,7) : results/Region.log849 
region(28,8) : results/Region.log850 
region(28,9) : results/Region.log851 
region(28,10) : results/Region.log852 
region(28,11) : results/Region.log853 
region(28,12) : results/Region.log854 
region(28,13) : results/Region.log855 
region(28,14) : results/Region.log856 
region(28,15) : results/Region.log857 
region(28,16) : results/Region.log858 
region(28,17) : results/Region.log859 
region(28,18) : results/Region.log860 
region(28,19) : results/Region.log861 
region(28,20) : results/Region.log862 
region(28,21) : results/Region.log863 
region(28,22) : results/Region.log864 
region(28,23) : results/Region.log865 
region(28,24) : results/Region.log866 
region(28,25) : results/Region.log867 
region(28,26) : results/Region.log868 
region(28,27) : results/Region.log869 
region(28,28) : results/Region.log870 
region(28,29) : results/Region.log871 
region(29,0) : results/Region.log872 
region(29,1) : results/Region.log873 
region(29,2) : results/Region.log874 
region(29,3) : results/Region.log875 
region(29,4) : results/Region.log876 
region(29,5) : results/Region.log877 
region(29,6) : results/Region.log878 
region(29,7) : results/Region.log879 
region(29,8) : results/Region.log880 
region(29,9) : results/Region.log881 
region(29,10) : results/Region.log882 
region(29,11) : results/Region.log883 
region(29,12) : results/Region.log884 
region(29,13) : results/Region.log885 
region(29,14) : results/Region.log886 
region(29,15) : results/Region.log887 
region(29,16) : results/Region.log888 
region(29,17) : results/Region.log889 
region(29,18) : results/Region.log890 
region(29,19) : results/Region.log891 
region(29,20) : results/Region.log892 
region(29,21) : results/Region.log893 
region(29,22) : results/Region.log894 
region(29,23) : results/Region.log895 
region(29,24) : results/Region.log896 
region(29,25) : results/Region.log897 
region(29,26) : results/Region.log898 
region(29,27) : results/Region.log899 
region(29,28) : results/Region.log900 
region(29,29) : results/Region.log901 
